c:\users\other\documents\sep-group-assignment\sep group game\sep group game\debug\main.obj
c:\users\other\documents\sep-group-assignment\sep group game\sep group game\debug\spritehandler.obj
c:\users\other\documents\sep-group-assignment\sep group game\sep group game\debug\vc110.pdb
c:\users\other\documents\sep-group-assignment\sep group game\debug\sep group game.ilk
c:\users\other\documents\sep-group-assignment\sep group game\debug\sep group game.exe
c:\users\other\documents\sep-group-assignment\sep group game\debug\sep group game.pdb
c:\users\fabio\documents\github\sep-group-assignment\sep group game\sep group game\debug\vc120.pdb
c:\users\fabio\documents\github\sep-group-assignment\sep group game\sep group game\debug\vc120.idb
c:\users\fabio\documents\github\sep-group-assignment\sep group game\sep group game\debug\main.obj
c:\users\fabio\documents\github\sep-group-assignment\sep group game\sep group game\debug\spritehandler.obj
c:\users\fabio\documents\github\sep-group-assignment\sep group game\debug\sep group game.ilk
c:\users\fabio\documents\github\sep-group-assignment\sep group game\debug\sep group game.exe
c:\users\fabio\documents\github\sep-group-assignment\sep group game\debug\sep group game.pdb
c:\users\fabio\documents\github\sep-group-assignment\sep group game\sep group game\debug\cl.command.1.tlog
c:\users\fabio\documents\github\sep-group-assignment\sep group game\sep group game\debug\cl.read.1.tlog
c:\users\fabio\documents\github\sep-group-assignment\sep group game\sep group game\debug\cl.write.1.tlog
c:\users\fabio\documents\github\sep-group-assignment\sep group game\sep group game\debug\link-cvtres.read.1.tlog
c:\users\fabio\documents\github\sep-group-assignment\sep group game\sep group game\debug\link-cvtres.write.1.tlog
c:\users\fabio\documents\github\sep-group-assignment\sep group game\sep group game\debug\link-rc.read.1.tlog
c:\users\fabio\documents\github\sep-group-assignment\sep group game\sep group game\debug\link-rc.write.1.tlog
c:\users\fabio\documents\github\sep-group-assignment\sep group game\sep group game\debug\link.command.1.tlog
c:\users\fabio\documents\github\sep-group-assignment\sep group game\sep group game\debug\link.read.1.tlog
c:\users\fabio\documents\github\sep-group-assignment\sep group game\sep group game\debug\link.write.1.tlog
c:\users\fabio\documents\github\sep-group-assignment\sep group game\sep group game\debug\vc110.idb
c:\users\fabio\documents\github\sep-group-assignment\sep group game\sep group game\debug\vc110.pdb
c:\users\fabio\documents\github\sep-group-assignment\sep group game\sep group game\debug\sep group game.tlog\cl.command.1.tlog
c:\users\fabio\documents\github\sep-group-assignment\sep group game\sep group game\debug\sep group game.tlog\cl.read.1.tlog
c:\users\fabio\documents\github\sep-group-assignment\sep group game\sep group game\debug\sep group game.tlog\cl.write.1.tlog
c:\users\fabio\documents\github\sep-group-assignment\sep group game\sep group game\debug\sep group game.tlog\link.command.1.tlog
c:\users\fabio\documents\github\sep-group-assignment\sep group game\sep group game\debug\sep group game.tlog\link.read.1.tlog
c:\users\fabio\documents\github\sep-group-assignment\sep group game\sep group game\debug\sep group game.tlog\link.write.1.tlog
