Build started 18/04/2015 15:05:36.
     1>Project "C:\Users\Fabio\Documents\GitHub\SEP-Group-Assignment\SEP Group Game\SEP Group Game\SEP Group Game.vcxproj" on node 2 (Build target(s)).
     1>ClCompile:
         C:\Program Files (x86)\Microsoft Visual Studio 12.0\VC\bin\CL.exe /c /I../include /ZI /nologo /W3 /WX- /Od /Oy- /D WIN32 /D _DEBUG /D _CONSOLE /D _UNICODE /D UNICODE /Gm /EHsc /RTC1 /MDd /GS /fp:precise /Zc:wchar_t /Zc:forScope /Fo"Debug\\" /Fd"Debug\vc120.pdb" /Gd /TP /analyze- /errorReport:prompt lootData.cpp main.cpp
         main.cpp
     1>c:\users\fabio\documents\github\sep-group-assignment\sep group game\sep group game\main.cpp(5): error C2065: 'damageArray' : undeclared identifier
     1>c:\users\fabio\documents\github\sep-group-assignment\sep group game\sep group game\main.cpp(6): error C2065: 'defenceArray' : undeclared identifier
     1>c:\users\fabio\documents\github\sep-group-assignment\sep group game\sep group game\main.cpp(7): error C2065: 'itemName' : undeclared identifier
     1>c:\users\fabio\documents\github\sep-group-assignment\sep group game\sep group game\main.cpp(8): error C2065: 'itemName' : undeclared identifier
     1>c:\users\fabio\documents\github\sep-group-assignment\sep group game\sep group game\main.cpp(8): error C2065: 'defenceArray' : undeclared identifier
     1>c:\users\fabio\documents\github\sep-group-assignment\sep group game\sep group game\main.cpp(8): error C2065: 'damageArray' : undeclared identifier
     1>c:\users\fabio\documents\github\sep-group-assignment\sep group game\sep group game\main.cpp(8): error C2065: 'i' : undeclared identifier
         Generating Code...
         Compiling...
         lootData.cpp
     1>c:\users\fabio\documents\github\sep-group-assignment\sep group game\sep group game\lootdata.cpp(58): warning C4804: '<=' : unsafe use of type 'bool' in operation
     1>c:\users\fabio\documents\github\sep-group-assignment\sep group game\sep group game\lootdata.cpp(62): warning C4804: '<=' : unsafe use of type 'bool' in operation
     1>c:\users\fabio\documents\github\sep-group-assignment\sep group game\sep group game\lootdata.cpp(52): warning C4101: 'Difficulty' : unreferenced local variable
         Generating Code...
     1>Done Building Project "C:\Users\Fabio\Documents\GitHub\SEP-Group-Assignment\SEP Group Game\SEP Group Game\SEP Group Game.vcxproj" (Build target(s)) -- FAILED.

Build FAILED.

Time Elapsed 00:00:01.25
